0 info it worked if it ends with ok
1 verbose cli [ '/Users/jakkiraj/.nvm/versions/node/v4.2.0/bin/node',
1 verbose cli   '/Users/jakkiraj/.nvm/versions/node/v4.2.0/bin/npm',
1 verbose cli   'start' ]
2 info using npm@3.8.9
3 info using node@v4.2.0
4 verbose run-script [ 'prestart', 'start', 'poststart' ]
5 info lifecycle twilio_connect@0.0.0~prestart: twilio_connect@0.0.0
6 silly lifecycle twilio_connect@0.0.0~prestart: no script for prestart, continuing
7 info lifecycle twilio_connect@0.0.0~start: twilio_connect@0.0.0
8 verbose lifecycle twilio_connect@0.0.0~start: unsafe-perm in lifecycle true
9 verbose lifecycle twilio_connect@0.0.0~start: PATH: /Users/jakkiraj/.nvm/versions/node/v4.2.0/lib/node_modules/npm/bin/node-gyp-bin:/Users/jakkiraj/env/trash-pickup-portal/node_modules/.bin:/Users/jakkiraj/.nvm/versions/node/v4.2.0/bin:/Users/jakkiraj/.nvm/versions/node/v4.2.0/bin:/usr/local/bin:/usr/bin:/bin:/usr/sbin:/sbin:/usr/local/git/bin
10 verbose lifecycle twilio_connect@0.0.0~start: CWD: /Users/jakkiraj/env/trash-pickup-portal
11 silly lifecycle twilio_connect@0.0.0~start: Args: [ '-c', 'node ./bin/www' ]
12 silly lifecycle twilio_connect@0.0.0~start: Returned: code: 1  signal: null
13 info lifecycle twilio_connect@0.0.0~start: Failed to exec start script
14 verbose stack Error: twilio_connect@0.0.0 start: `node ./bin/www`
14 verbose stack Exit status 1
14 verbose stack     at EventEmitter.<anonymous> (/Users/jakkiraj/.nvm/versions/node/v4.2.0/lib/node_modules/npm/lib/utils/lifecycle.js:245:16)
14 verbose stack     at emitTwo (events.js:87:13)
14 verbose stack     at EventEmitter.emit (events.js:172:7)
14 verbose stack     at ChildProcess.<anonymous> (/Users/jakkiraj/.nvm/versions/node/v4.2.0/lib/node_modules/npm/lib/utils/spawn.js:24:14)
14 verbose stack     at emitTwo (events.js:87:13)
14 verbose stack     at ChildProcess.emit (events.js:172:7)
14 verbose stack     at maybeClose (internal/child_process.js:818:16)
14 verbose stack     at Process.ChildProcess._handle.onexit (internal/child_process.js:211:5)
15 verbose pkgid twilio_connect@0.0.0
16 verbose cwd /Users/jakkiraj/env/trash-pickup-portal
17 error Darwin 15.3.0
18 error argv "/Users/jakkiraj/.nvm/versions/node/v4.2.0/bin/node" "/Users/jakkiraj/.nvm/versions/node/v4.2.0/bin/npm" "start"
19 error node v4.2.0
20 error npm  v3.8.9
21 error code ELIFECYCLE
22 error twilio_connect@0.0.0 start: `node ./bin/www`
22 error Exit status 1
23 error Failed at the twilio_connect@0.0.0 start script 'node ./bin/www'.
23 error Make sure you have the latest version of node.js and npm installed.
23 error If you do, this is most likely a problem with the twilio_connect package,
23 error not with npm itself.
23 error Tell the author that this fails on your system:
23 error     node ./bin/www
23 error You can get information on how to open an issue for this project with:
23 error     npm bugs twilio_connect
23 error Or if that isn't available, you can get their info via:
23 error     npm owner ls twilio_connect
23 error There is likely additional logging output above.
24 verbose exit [ 1, true ]
