0 info it worked if it ends with ok
1 verbose cli [ '/Users/jakkiraj/.nvm/versions/node/v4.2.0/bin/node',
1 verbose cli   '/Users/jakkiraj/.nvm/versions/node/v4.2.0/bin/npm',
1 verbose cli   'run',
1 verbose cli   'server' ]
2 info using npm@3.8.9
3 info using node@v4.2.0
4 verbose stack Error: missing script: server
4 verbose stack     at run (/Users/jakkiraj/.nvm/versions/node/v4.2.0/lib/node_modules/npm/lib/run-script.js:150:19)
4 verbose stack     at /Users/jakkiraj/.nvm/versions/node/v4.2.0/lib/node_modules/npm/lib/run-script.js:60:5
4 verbose stack     at /Users/jakkiraj/.nvm/versions/node/v4.2.0/lib/node_modules/npm/node_modules/read-package-json/read-json.js:356:5
4 verbose stack     at checkBinReferences_ (/Users/jakkiraj/.nvm/versions/node/v4.2.0/lib/node_modules/npm/node_modules/read-package-json/read-json.js:320:45)
4 verbose stack     at final (/Users/jakkiraj/.nvm/versions/node/v4.2.0/lib/node_modules/npm/node_modules/read-package-json/read-json.js:354:3)
4 verbose stack     at then (/Users/jakkiraj/.nvm/versions/node/v4.2.0/lib/node_modules/npm/node_modules/read-package-json/read-json.js:124:5)
4 verbose stack     at /Users/jakkiraj/.nvm/versions/node/v4.2.0/lib/node_modules/npm/node_modules/read-package-json/read-json.js:311:12
4 verbose stack     at /Users/jakkiraj/.nvm/versions/node/v4.2.0/lib/node_modules/npm/node_modules/graceful-fs/graceful-fs.js:78:16
4 verbose stack     at FSReqWrap.readFileAfterClose [as oncomplete] (fs.js:380:3)
5 verbose cwd /Applications/MAMP/htdocs/webpack-express-boilerplate/dist
6 error Darwin 15.3.0
7 error argv "/Users/jakkiraj/.nvm/versions/node/v4.2.0/bin/node" "/Users/jakkiraj/.nvm/versions/node/v4.2.0/bin/npm" "run" "server"
8 error node v4.2.0
9 error npm  v3.8.9
10 error missing script: server
11 error If you need help, you may report this error at:
11 error     <https://github.com/npm/npm/issues>
12 verbose exit [ 1, true ]
